This file contains any messages produced by compilers while
running configure, to aid debugging if configure makes a mistake.

It was created by libjpg.la configure 1.0, which was
generated by GNU Autoconf 2.69.  Invocation command line was

  $ ./configure 

## --------- ##
## Platform. ##
## --------- ##

hostname = deepin-PC
uname -m = sw_64
uname -r = 4.19.180-xuelang-lsi9300-renchy-g9ee692f846db
uname -s = Linux
uname -v = #4 SMP Thu Jan 13 16:53:36 CST 2022

/usr/bin/uname -p = unknown
/bin/uname -X     = unknown

/bin/arch              = sw_64
/usr/bin/arch -k       = unknown
/usr/convex/getsysinfo = unknown
/usr/bin/hostinfo      = unknown
/bin/machine           = unknown
/usr/bin/oslevel       = unknown
/bin/universe          = unknown

PATH: /usr/local/sbin
PATH: /usr/local/bin
PATH: /usr/sbin
PATH: /usr/bin
PATH: /sbin
PATH: /bin


## ----------- ##
## Core tests. ##
## ----------- ##

configure:2178: checking for a BSD-compatible install
configure:2246: result: /usr/bin/install -c
configure:2257: checking whether build environment is sane
configure:2312: result: yes
configure:2461: checking for a thread-safe mkdir -p
configure:2500: result: /usr/bin/mkdir -p
configure:2507: checking for gawk
configure:2523: found /usr/bin/gawk
configure:2534: result: gawk
configure:2545: checking whether make sets $(MAKE)
configure:2567: result: yes
configure:2596: checking whether make supports nested variables
configure:2613: result: yes
configure:2789: checking for gcc
configure:2805: found /usr/bin/gcc
configure:2816: result: gcc
configure:3045: checking for C compiler version
configure:3054: gcc --version >&5
gcc (GCC) 8.3.0
Copyright (C) 2018 Free Software Foundation, Inc.
This is free software; see the source for copying conditions.  There is NO
warranty; not even for MERCHANTABILITY or FITNESS FOR A PARTICULAR PURPOSE.

configure:3065: $? = 0
configure:3054: gcc -v >&5
Using built-in specs.
COLLECT_GCC=gcc
COLLECT_LTO_WRAPPER=/usr/libexec/gcc/sw_64-sunway-linux-gnu/8.3.0/lto-wrapper
Target: sw_64-sunway-linux-gnu
Configured with: /work/build/gcc-8/gcc-8-8.3.0.2-1+deepin2/src/configure --build=sw_64-sunway-linux-gnu --host=sw_64-sunway-linux-gnu --target=sw_64-sunway-linux-gnu --prefix=/usr --with-gmp=/usr --with-mpfr=/usr --with-mpc=/usr --enable-shared --enable-languages=c,c++,fortran,go,lto,objc,obj-c++ --disable-multilib --enable-c99 --enable-long-long --enable-threads=posix --enable-__cxa_atexit --disable-bootstrap --disable-nls --enable-multiarch --enable-browser-plugin --enable-gnu-indirect-function --enable-linker-build-id --enable-linker-no-relax --with-cpu=sw6b
Thread model: posix
gcc version 8.3.0 20210709 (Branch: ID:) (GCC) 
configure:3065: $? = 0
configure:3054: gcc -V >&5
gcc: error: unrecognized command line option '-V'
gcc: fatal error: no input files
compilation terminated.
configure:3065: $? = 1
configure:3054: gcc -qversion >&5
gcc: error: unrecognized command line option '-qversion'; did you mean '--version'?
gcc: fatal error: no input files
compilation terminated.
configure:3065: $? = 1
configure:3085: checking whether the C compiler works
configure:3107: gcc    conftest.c  >&5
configure:3111: $? = 0
configure:3159: result: yes
configure:3162: checking for C compiler default output file name
configure:3164: result: a.out
configure:3170: checking for suffix of executables
configure:3177: gcc -o conftest    conftest.c  >&5
configure:3181: $? = 0
configure:3203: result: 
configure:3225: checking whether we are cross compiling
configure:3233: gcc -o conftest    conftest.c  >&5
configure:3237: $? = 0
configure:3244: ./conftest
configure:3248: $? = 0
configure:3236: result: no
configure:3241: checking for suffix of object files
configure:3263: gcc -c   conftest.c >&5
configure:3267: $? = 0
configure:3288: result: o
configure:3292: checking whether we are using the GNU C compiler
configure:3311: gcc -c   conftest.c >&5
configure:3311: $? = 0
configure:3320: result: yes
configure:3329: checking whether gcc accepts -g
configure:3349: gcc -c -g  conftest.c >&5
configure:3349: $? = 0
configure:3390: result: yes
configure:3407: checking for gcc option to accept ISO C89
configure:3470: gcc  -c -g -O2  conftest.c >&5
configure:3470: $? = 0
configure:3483: result: none needed
configure:3508: checking whether gcc understands -c and -o together
configure:3530: gcc -c conftest.c -o conftest2.o
configure:3533: $? = 0
configure:3530: gcc -c conftest.c -o conftest2.o
configure:3533: $? = 0
configure:3545: result: yes
configure:3565: checking whether make supports the include directive
configure:3580: make -f confmf.GNU && cat confinc.out
this is the am__doit target
configure:3583: $? = 0
configure:3602: result: yes (GNU style)
configure:3627: checking dependency style of gcc
configure:3738: result: gcc3
configure:3782: checking build system type
configure:3796: result: sw_64-unknown-linux-gnu
configure:3816: checking host system type
configure:3829: result: sw_64-unknown-linux-gnu
configure:3870: checking how to print strings
configure:3897: result: printf
configure:3918: checking for a sed that does not truncate output
configure:3982: result: /usr/bin/sed
configure:4000: checking for grep that handles long lines and -e
configure:4058: result: /usr/bin/grep
configure:4063: checking for egrep
configure:4125: result: /usr/bin/grep -E
configure:4130: checking for fgrep
configure:4192: result: /usr/bin/grep -F
configure:4227: checking for ld used by gcc
configure:4294: result: /usr/local/bin/ld
configure:4301: checking if the linker (/usr/local/bin/ld) is GNU ld
configure:4316: result: yes
configure:4328: checking for BSD- or MS-compatible name lister (nm)
configure:4382: result: /usr/local/bin/nm -B
configure:4512: checking the name lister (/usr/local/bin/nm -B) interface
configure:4519: gcc -c -g -O2  conftest.c >&5
configure:4522: /usr/local/bin/nm -B "conftest.o"
configure:4525: output
0000000000000000 S some_variable
configure:4526: result: BSD nm
configure:4529: checking whether ln -s works
configure:4533: result: yes
configure:4541: checking the maximum length of command line arguments
configure:4672: result: 1572864
configure:4720: checking how to convert sw_64-unknown-linux-gnu file names to sw_64-unknown-linux-gnu format
configure:4760: result: func_convert_file_noop
configure:4767: checking how to convert sw_64-unknown-linux-gnu file names to toolchain format
configure:4787: result: func_convert_file_noop
configure:4794: checking for /usr/local/bin/ld option to reload object files
configure:4801: result: -r
configure:4875: checking for objdump
configure:4891: found /usr/local/bin/objdump
configure:4902: result: objdump
configure:4934: checking how to recognize dependent libraries
configure:5134: result: pass_all
configure:5219: checking for dlltool
configure:5249: result: no
configure:5279: checking how to associate runtime and link libraries
configure:5306: result: printf %s\n
configure:5367: checking for ar
configure:5383: found /usr/local/bin/ar
configure:5394: result: ar
configure:5431: checking for archiver @FILE support
configure:5448: gcc -c -g -O2  conftest.c >&5
configure:5448: $? = 0
configure:5451: ar cru libconftest.a @conftest.lst >&5
configure:5454: $? = 0
configure:5459: ar cru libconftest.a @conftest.lst >&5
ar: conftest.o: No such file or directory
configure:5462: $? = 1
configure:5461: result: @
configure:5519: checking for strip
configure:5535: found /usr/local/bin/strip
configure:5546: result: strip
configure:5618: checking for ranlib
configure:5634: found /usr/local/bin/ranlib
configure:5645: result: ranlib
configure:5747: checking command to parse /usr/local/bin/nm -B output from gcc object
configure:5900: gcc -c -g -O2  conftest.c >&5
configure:5903: $? = 0
configure:5907: /usr/local/bin/nm -B conftest.o | sed -n -e 's/^.*[	 ]\([ABCDGIRSTW][ABCDGIRSTW]*\)[	 ][	 ]*\([_A-Za-z][_A-Za-z0-9]*\)$/\1 \2 \2/p' | sed '/ __gnu_lto/d' > conftest.nm
configure:5973: gcc -o conftest -g -O2   conftest.c conftstm.o >&5
configure:5976: $? = 0
configure:6014: result: ok
configure:6061: checking for sysroot
configure:6091: result: no
configure:6098: checking for a working dd
configure:6136: result: /usr/bin/dd
configure:6140: checking how to truncate binary pipes
configure:6155: result: /usr/bin/dd bs=4096 count=1
configure:6484: checking for mt
configure:6500: found /usr/bin/mt
configure:6511: result: mt
configure:6534: checking if mt is a manifest tool
configure:6540: mt '-?'
configure:6548: result: no
configure:7225: checking how to run the C preprocessor
configure:7256: gcc -E  conftest.c
configure:7256: $? = 0
configure:7270: gcc -E  conftest.c
conftest.c:11:10: fatal error: ac_nonexistent.h: No such file or directory
 #include <ac_nonexistent.h>
          ^~~~~~~~~~~~~~~~~~
compilation terminated.
configure:7270: $? = 1
configure: failed program was:
| /* confdefs.h */
| #define PACKAGE_NAME "libjpg.la"
| #define PACKAGE_TARNAME "libjpg-la"
| #define PACKAGE_VERSION "1.0"
| #define PACKAGE_STRING "libjpg.la 1.0"
| #define PACKAGE_BUGREPORT "123456789@qq.com"
| #define PACKAGE_URL ""
| #define PACKAGE "libjpg-la"
| #define VERSION "1.0"
| /* end confdefs.h.  */
| #include <ac_nonexistent.h>
configure:7295: result: gcc -E
configure:7315: gcc -E  conftest.c
configure:7315: $? = 0
configure:7329: gcc -E  conftest.c
conftest.c:11:10: fatal error: ac_nonexistent.h: No such file or directory
 #include <ac_nonexistent.h>
          ^~~~~~~~~~~~~~~~~~
compilation terminated.
configure:7329: $? = 1
configure: failed program was:
| /* confdefs.h */
| #define PACKAGE_NAME "libjpg.la"
| #define PACKAGE_TARNAME "libjpg-la"
| #define PACKAGE_VERSION "1.0"
| #define PACKAGE_STRING "libjpg.la 1.0"
| #define PACKAGE_BUGREPORT "123456789@qq.com"
| #define PACKAGE_URL ""
| #define PACKAGE "libjpg-la"
| #define VERSION "1.0"
| /* end confdefs.h.  */
| #include <ac_nonexistent.h>
configure:7358: checking for ANSI C header files
configure:7378: gcc -c -g -O2  conftest.c >&5
configure:7378: $? = 0
configure:7451: gcc -o conftest -g -O2   conftest.c  >&5
configure:7451: $? = 0
configure:7451: ./conftest
configure:7451: $? = 0
configure:7462: result: yes
configure:7475: checking for sys/types.h
configure:7475: gcc -c -g -O2  conftest.c >&5
configure:7475: $? = 0
configure:7475: result: yes
configure:7475: checking for sys/stat.h
configure:7475: gcc -c -g -O2  conftest.c >&5
configure:7475: $? = 0
configure:7475: result: yes
configure:7475: checking for stdlib.h
configure:7475: gcc -c -g -O2  conftest.c >&5
configure:7475: $? = 0
configure:7475: result: yes
configure:7475: checking for string.h
configure:7475: gcc -c -g -O2  conftest.c >&5
configure:7475: $? = 0
configure:7475: result: yes
configure:7475: checking for memory.h
configure:7475: gcc -c -g -O2  conftest.c >&5
configure:7475: $? = 0
configure:7475: result: yes
configure:7475: checking for strings.h
configure:7475: gcc -c -g -O2  conftest.c >&5
configure:7475: $? = 0
configure:7475: result: yes
configure:7475: checking for inttypes.h
configure:7475: gcc -c -g -O2  conftest.c >&5
configure:7475: $? = 0
configure:7475: result: yes
configure:7475: checking for stdint.h
configure:7475: gcc -c -g -O2  conftest.c >&5
configure:7475: $? = 0
configure:7475: result: yes
configure:7475: checking for unistd.h
configure:7475: gcc -c -g -O2  conftest.c >&5
configure:7475: $? = 0
configure:7475: result: yes
configure:7489: checking for dlfcn.h
configure:7489: gcc -c -g -O2  conftest.c >&5
configure:7489: $? = 0
configure:7489: result: yes
configure:7745: checking for objdir
configure:7760: result: .libs
configure:8020: checking if gcc supports -fno-rtti -fno-exceptions
configure:8038: gcc -c -g -O2  -fno-rtti -fno-exceptions conftest.c >&5
cc1: warning: command line option '-fno-rtti' is valid for C++/ObjC++ but not for C
configure:8042: $? = 0
configure:8055: result: no
configure:8413: checking for gcc option to produce PIC
configure:8420: result: -fPIC -DPIC
configure:8428: checking if gcc PIC flag -fPIC -DPIC works
configure:8446: gcc -c -g -O2  -fPIC -DPIC -DPIC conftest.c >&5
configure:8450: $? = 0
configure:8463: result: yes
configure:8492: checking if gcc static flag -static works
configure:8520: result: yes
configure:8535: checking if gcc supports -c -o file.o
configure:8556: gcc -c -g -O2  -o out/conftest2.o conftest.c >&5
configure:8560: $? = 0
configure:8582: result: yes
configure:8590: checking if gcc supports -c -o file.o
configure:8637: result: yes
configure:8670: checking whether the gcc linker (/usr/local/bin/ld) supports shared libraries
configure:9933: result: yes
configure:9970: checking whether -lc should be explicitly linked in
configure:9978: gcc -c -g -O2  conftest.c >&5
configure:9981: $? = 0
configure:9996: gcc -shared  -fPIC -DPIC conftest.o  -v -Wl,-soname -Wl,conftest -o conftest 2\>\&1 \| /usr/bin/grep  -lc  \>/dev/null 2\>\&1
configure:9999: $? = 0
configure:10013: result: no
configure:10173: checking dynamic linker characteristics
configure:10754: gcc -o conftest -g -O2   -Wl,-rpath -Wl,/foo conftest.c  >&5
configure:10754: $? = 0
configure:11003: result: GNU/Linux ld.so
configure:11125: checking how to hardcode library paths into programs
configure:11150: result: immediate
configure:11698: checking whether stripping libraries is possible
configure:11703: result: yes
configure:11738: checking if libtool supports shared libraries
configure:11740: result: yes
configure:11743: checking whether to build shared libraries
configure:11768: result: yes
configure:11771: checking whether to build static libraries
configure:11775: result: yes
configure:8700: checking that generated files are newer than configure
configure:8706: result: done
configure:8729: creating ./config.status

## ---------------------- ##
## Running config.status. ##
## ---------------------- ##

This file was extended by libjpg.la config.status 1.0, which was
generated by GNU Autoconf 2.69.  Invocation command line was

  CONFIG_FILES    = 
  CONFIG_HEADERS  = 
  CONFIG_LINKS    = 
  CONFIG_COMMANDS = 
  $ ./config.status 

on deepin-PC

config.status:1080: creating Makefile
config.status:1080: creating config.h
config.status:1309: executing depfiles commands
config.status:1386: cd .       && sed -e '/# am--include-marker/d' Makefile         | make -f - am--depfiles
config.status:1391: $? = 0
config.status:1309: executing libtool commands

## ---------------- ##
## Cache variables. ##
## ---------------- ##

ac_cv_build=sw_64-unknown-linux-gnu
ac_cv_c_compiler_gnu=yes
ac_cv_env_CC_set=
ac_cv_env_CC_value=
ac_cv_env_CFLAGS_set=
ac_cv_env_CFLAGS_value=
ac_cv_env_CPPFLAGS_set=
ac_cv_env_CPPFLAGS_value=
ac_cv_env_CPP_set=
ac_cv_env_CPP_value=
ac_cv_env_LDFLAGS_set=
ac_cv_env_LDFLAGS_value=
ac_cv_env_LIBS_set=
ac_cv_env_LIBS_value=
ac_cv_env_LT_SYS_LIBRARY_PATH_set=
ac_cv_env_LT_SYS_LIBRARY_PATH_value=
ac_cv_env_build_alias_set=
ac_cv_env_build_alias_value=
ac_cv_env_host_alias_set=
ac_cv_env_host_alias_value=
ac_cv_env_target_alias_set=
ac_cv_env_target_alias_value=
ac_cv_header_dlfcn_h=yes
ac_cv_header_inttypes_h=yes
ac_cv_header_memory_h=yes
ac_cv_header_stdc=yes
ac_cv_header_stdint_h=yes
ac_cv_header_stdlib_h=yes
ac_cv_header_string_h=yes
ac_cv_header_strings_h=yes
ac_cv_header_sys_stat_h=yes
ac_cv_header_sys_types_h=yes
ac_cv_header_unistd_h=yes
ac_cv_host=sw_64-unknown-linux-gnu
ac_cv_objext=o
ac_cv_path_EGREP='/usr/bin/grep -E'
ac_cv_path_FGREP='/usr/bin/grep -F'
ac_cv_path_GREP=/usr/bin/grep
ac_cv_path_SED=/usr/bin/sed
ac_cv_path_install='/usr/bin/install -c'
ac_cv_path_lt_DD=/usr/bin/dd
ac_cv_path_mkdir=/usr/bin/mkdir
ac_cv_prog_AWK=gawk
ac_cv_prog_CPP='gcc -E'
ac_cv_prog_ac_ct_AR=ar
ac_cv_prog_ac_ct_CC=gcc
ac_cv_prog_ac_ct_MANIFEST_TOOL=mt
ac_cv_prog_ac_ct_OBJDUMP=objdump
ac_cv_prog_ac_ct_RANLIB=ranlib
ac_cv_prog_ac_ct_STRIP=strip
ac_cv_prog_cc_c89=
ac_cv_prog_cc_g=yes
ac_cv_prog_make_make_set=yes
am_cv_CC_dependencies_compiler_type=gcc3
am_cv_make_support_nested_variables=yes
am_cv_prog_cc_c_o=yes
lt_cv_ar_at_file=@
lt_cv_archive_cmds_need_lc=no
lt_cv_deplibs_check_method=pass_all
lt_cv_file_magic_cmd='$MAGIC_CMD'
lt_cv_file_magic_test_file=
lt_cv_ld_reload_flag=-r
lt_cv_nm_interface='BSD nm'
lt_cv_objdir=.libs
lt_cv_path_LD=/usr/local/bin/ld
lt_cv_path_NM='/usr/local/bin/nm -B'
lt_cv_path_mainfest_tool=no
lt_cv_prog_compiler_c_o=yes
lt_cv_prog_compiler_pic='-fPIC -DPIC'
lt_cv_prog_compiler_pic_works=yes
lt_cv_prog_compiler_rtti_exceptions=no
lt_cv_prog_compiler_static_works=yes
lt_cv_prog_gnu_ld=yes
lt_cv_sharedlib_from_linklib_cmd='printf %s\n'
lt_cv_shlibpath_overrides_runpath=no
lt_cv_sys_global_symbol_pipe='sed -n -e '\''s/^.*[	 ]\([ABCDGIRSTW][ABCDGIRSTW]*\)[	 ][	 ]*\([_A-Za-z][_A-Za-z0-9]*\)$/\1 \2 \2/p'\'' | sed '\''/ __gnu_lto/d'\'''
lt_cv_sys_global_symbol_to_c_name_address='sed -n -e '\''s/^: \(.*\) .*$/  {"\1", (void *) 0},/p'\'' -e '\''s/^[ABCDGIRSTW][ABCDGIRSTW]* .* \(.*\)$/  {"\1", (void *) \&\1},/p'\'''
lt_cv_sys_global_symbol_to_c_name_address_lib_prefix='sed -n -e '\''s/^: \(.*\) .*$/  {"\1", (void *) 0},/p'\'' -e '\''s/^[ABCDGIRSTW][ABCDGIRSTW]* .* \(lib.*\)$/  {"\1", (void *) \&\1},/p'\'' -e '\''s/^[ABCDGIRSTW][ABCDGIRSTW]* .* \(.*\)$/  {"lib\1", (void *) \&\1},/p'\'''
lt_cv_sys_global_symbol_to_cdecl='sed -n -e '\''s/^T .* \(.*\)$/extern int \1();/p'\'' -e '\''s/^[ABCDGIRSTW][ABCDGIRSTW]* .* \(.*\)$/extern char \1;/p'\'''
lt_cv_sys_global_symbol_to_import=
lt_cv_sys_max_cmd_len=1572864
lt_cv_to_host_file_cmd=func_convert_file_noop
lt_cv_to_tool_file_cmd=func_convert_file_noop
lt_cv_truncate_bin='/usr/bin/dd bs=4096 count=1'

## ----------------- ##
## Output variables. ##
## ----------------- ##

ACLOCAL='${SHELL} /root/renchy/autotools/chap7/missing aclocal-1.16'
AMDEPBACKSLASH='\'
AMDEP_FALSE='#'
AMDEP_TRUE=''
AMTAR='$${TAR-tar}'
AM_BACKSLASH='\'
AM_DEFAULT_V='$(AM_DEFAULT_VERBOSITY)'
AM_DEFAULT_VERBOSITY='1'
AM_V='$(V)'
AR='ar'
AUTOCONF='${SHELL} /root/renchy/autotools/chap7/missing autoconf'
AUTOHEADER='${SHELL} /root/renchy/autotools/chap7/missing autoheader'
AUTOMAKE='${SHELL} /root/renchy/autotools/chap7/missing automake-1.16'
AWK='gawk'
CC='gcc'
CCDEPMODE='depmode=gcc3'
CFLAGS='-g -O2'
CPP='gcc -E'
CPPFLAGS=''
CYGPATH_W='echo'
DEFS='-DHAVE_CONFIG_H'
DEPDIR='.deps'
DLLTOOL='false'
DSYMUTIL=''
DUMPBIN=''
ECHO_C=''
ECHO_N='-n'
ECHO_T=''
EGREP='/usr/bin/grep -E'
EXEEXT=''
FGREP='/usr/bin/grep -F'
GREP='/usr/bin/grep'
INSTALL_DATA='${INSTALL} -m 644'
INSTALL_PROGRAM='${INSTALL}'
INSTALL_SCRIPT='${INSTALL}'
INSTALL_STRIP_PROGRAM='$(install_sh) -c -s'
LD='/usr/local/bin/ld'
LDFLAGS=''
LIBOBJS=''
LIBS=''
LIBTOOL='$(SHELL) $(top_builddir)/libtool'
LIPO=''
LN_S='ln -s'
LTLIBOBJS=''
LT_SYS_LIBRARY_PATH=''
MAKEINFO='${SHELL} /root/renchy/autotools/chap7/missing makeinfo'
MANIFEST_TOOL=':'
MKDIR_P='/usr/bin/mkdir -p'
NM='/usr/local/bin/nm -B'
NMEDIT=''
OBJDUMP='objdump'
OBJEXT='o'
OTOOL64=''
OTOOL=''
PACKAGE='libjpg-la'
PACKAGE_BUGREPORT='123456789@qq.com'
PACKAGE_NAME='libjpg.la'
PACKAGE_STRING='libjpg.la 1.0'
PACKAGE_TARNAME='libjpg-la'
PACKAGE_URL=''
PACKAGE_VERSION='1.0'
PATH_SEPARATOR=':'
RANLIB='ranlib'
SED='/usr/bin/sed'
SET_MAKE=''
SHELL='/bin/sh'
STRIP='strip'
VERSION='1.0'
ac_ct_AR='ar'
ac_ct_CC='gcc'
ac_ct_DUMPBIN=''
am__EXEEXT_FALSE=''
am__EXEEXT_TRUE='#'
am__fastdepCC_FALSE='#'
am__fastdepCC_TRUE=''
am__include='include'
am__isrc=''
am__leading_dot='.'
am__nodep='_no'
am__quote=''
am__tar='$${TAR-tar} chof - "$$tardir"'
am__untar='$${TAR-tar} xf -'
bindir='${exec_prefix}/bin'
build='sw_64-unknown-linux-gnu'
build_alias=''
build_cpu='sw_64'
build_os='linux-gnu'
build_vendor='unknown'
datadir='${datarootdir}'
datarootdir='${prefix}/share'
docdir='${datarootdir}/doc/${PACKAGE_TARNAME}'
dvidir='${docdir}'
exec_prefix='${prefix}'
host='sw_64-unknown-linux-gnu'
host_alias=''
host_cpu='sw_64'
host_os='linux-gnu'
host_vendor='unknown'
htmldir='${docdir}'
includedir='${prefix}/include'
infodir='${datarootdir}/info'
install_sh='${SHELL} /root/renchy/autotools/chap7/install-sh'
libdir='${exec_prefix}/lib'
libexecdir='${exec_prefix}/libexec'
localedir='${datarootdir}/locale'
localstatedir='${prefix}/var'
mandir='${datarootdir}/man'
mkdir_p='$(MKDIR_P)'
oldincludedir='/usr/include'
pdfdir='${docdir}'
prefix='/usr/local'
program_transform_name='s,x,x,'
psdir='${docdir}'
runstatedir='${localstatedir}/run'
sbindir='${exec_prefix}/sbin'
sharedstatedir='${prefix}/com'
sysconfdir='${prefix}/etc'
target_alias=''

## ----------- ##
## confdefs.h. ##
## ----------- ##

/* confdefs.h */
#define PACKAGE_NAME "libjpg.la"
#define PACKAGE_TARNAME "libjpg-la"
#define PACKAGE_VERSION "1.0"
#define PACKAGE_STRING "libjpg.la 1.0"
#define PACKAGE_BUGREPORT "123456789@qq.com"
#define PACKAGE_URL ""
#define PACKAGE "libjpg-la"
#define VERSION "1.0"
#define STDC_HEADERS 1
#define HAVE_SYS_TYPES_H 1
#define HAVE_SYS_STAT_H 1
#define HAVE_STDLIB_H 1
#define HAVE_STRING_H 1
#define HAVE_MEMORY_H 1
#define HAVE_STRINGS_H 1
#define HAVE_INTTYPES_H 1
#define HAVE_STDINT_H 1
#define HAVE_UNISTD_H 1
#define HAVE_DLFCN_H 1
#define LT_OBJDIR ".libs/"

configure: exit 0
