This file contains any messages produced by compilers while
running configure, to aid debugging if configure makes a mistake.

It was created by mp3 configure 1.4, which was
generated by GNU Autoconf 2.69.  Invocation command line was

  $ ./configure 

## --------- ##
## Platform. ##
## --------- ##

hostname = deepin-PC
uname -m = sw_64
uname -r = 4.19.180-xuelang-lsi9300-renchy-g9ee692f846db
uname -s = Linux
uname -v = #4 SMP Thu Jan 13 16:53:36 CST 2022

/usr/bin/uname -p = unknown
/bin/uname -X     = unknown

/bin/arch              = sw_64
/usr/bin/arch -k       = unknown
/usr/convex/getsysinfo = unknown
/usr/bin/hostinfo      = unknown
/bin/machine           = unknown
/usr/bin/oslevel       = unknown
/bin/universe          = unknown

PATH: /usr/local/sbin
PATH: /usr/local/bin
PATH: /usr/sbin
PATH: /usr/bin
PATH: /sbin
PATH: /bin


## ----------- ##
## Core tests. ##
## ----------- ##

configure:2178: checking for a BSD-compatible install
configure:2246: result: /usr/bin/install -c
configure:2257: checking whether build environment is sane
configure:2312: result: yes
configure:2461: checking for a thread-safe mkdir -p
configure:2500: result: /usr/bin/mkdir -p
configure:2507: checking for gawk
configure:2523: found /usr/bin/gawk
configure:2534: result: gawk
configure:2545: checking whether make sets $(MAKE)
configure:2567: result: yes
configure:2596: checking whether make supports nested variables
configure:2613: result: yes
configure:2789: checking for gcc
configure:2805: found /usr/bin/gcc
configure:2816: result: gcc
configure:3045: checking for C compiler version
configure:3054: gcc --version >&5
gcc (GCC) 8.3.0
Copyright (C) 2018 Free Software Foundation, Inc.
This is free software; see the source for copying conditions.  There is NO
warranty; not even for MERCHANTABILITY or FITNESS FOR A PARTICULAR PURPOSE.

configure:3065: $? = 0
configure:3054: gcc -v >&5
Using built-in specs.
COLLECT_GCC=gcc
COLLECT_LTO_WRAPPER=/usr/libexec/gcc/sw_64-sunway-linux-gnu/8.3.0/lto-wrapper
Target: sw_64-sunway-linux-gnu
Configured with: /work/build/gcc-8/gcc-8-8.3.0.2-1+deepin2/src/configure --build=sw_64-sunway-linux-gnu --host=sw_64-sunway-linux-gnu --target=sw_64-sunway-linux-gnu --prefix=/usr --with-gmp=/usr --with-mpfr=/usr --with-mpc=/usr --enable-shared --enable-languages=c,c++,fortran,go,lto,objc,obj-c++ --disable-multilib --enable-c99 --enable-long-long --enable-threads=posix --enable-__cxa_atexit --disable-bootstrap --disable-nls --enable-multiarch --enable-browser-plugin --enable-gnu-indirect-function --enable-linker-build-id --enable-linker-no-relax --with-cpu=sw6b
Thread model: posix
gcc version 8.3.0 20210709 (Branch: ID:) (GCC) 
configure:3065: $? = 0
configure:3054: gcc -V >&5
gcc: error: unrecognized command line option '-V'
gcc: fatal error: no input files
compilation terminated.
configure:3065: $? = 1
configure:3054: gcc -qversion >&5
gcc: error: unrecognized command line option '-qversion'; did you mean '--version'?
gcc: fatal error: no input files
compilation terminated.
configure:3065: $? = 1
configure:3085: checking whether the C compiler works
configure:3107: gcc    conftest.c  >&5
configure:3111: $? = 0
configure:3159: result: yes
configure:3162: checking for C compiler default output file name
configure:3164: result: a.out
configure:3170: checking for suffix of executables
configure:3177: gcc -o conftest    conftest.c  >&5
configure:3181: $? = 0
configure:3203: result: 
configure:3225: checking whether we are cross compiling
configure:3233: gcc -o conftest    conftest.c  >&5
configure:3237: $? = 0
configure:3244: ./conftest
configure:3248: $? = 0
configure:3236: result: no
configure:3241: checking for suffix of object files
configure:3263: gcc -c   conftest.c >&5
configure:3267: $? = 0
configure:3288: result: o
configure:3292: checking whether we are using the GNU C compiler
configure:3311: gcc -c   conftest.c >&5
configure:3311: $? = 0
configure:3320: result: yes
configure:3329: checking whether gcc accepts -g
configure:3349: gcc -c -g  conftest.c >&5
configure:3349: $? = 0
configure:3390: result: yes
configure:3407: checking for gcc option to accept ISO C89
configure:3470: gcc  -c -g -O2  conftest.c >&5
configure:3470: $? = 0
configure:3483: result: none needed
configure:3508: checking whether gcc understands -c and -o together
configure:3530: gcc -c conftest.c -o conftest2.o
configure:3533: $? = 0
configure:3530: gcc -c conftest.c -o conftest2.o
configure:3533: $? = 0
configure:3545: result: yes
configure:3565: checking whether make supports the include directive
configure:3580: make -f confmf.GNU && cat confinc.out
this is the am__doit target
configure:3583: $? = 0
configure:3602: result: yes (GNU style)
configure:3627: checking dependency style of gcc
configure:3738: result: gcc3
configure:3785: checking build system type
configure:3799: result: sw_64-unknown-linux-gnu
configure:3819: checking host system type
configure:3832: result: sw_64-unknown-linux-gnu
configure:3873: checking how to print strings
configure:3900: result: printf
configure:3921: checking for a sed that does not truncate output
configure:3985: result: /usr/bin/sed
configure:4003: checking for grep that handles long lines and -e
configure:4061: result: /usr/bin/grep
configure:4066: checking for egrep
configure:4128: result: /usr/bin/grep -E
configure:4133: checking for fgrep
configure:4195: result: /usr/bin/grep -F
configure:4230: checking for ld used by gcc
configure:4297: result: /usr/local/bin/ld
configure:4304: checking if the linker (/usr/local/bin/ld) is GNU ld
configure:4319: result: yes
configure:4331: checking for BSD- or MS-compatible name lister (nm)
configure:4385: result: /usr/local/bin/nm -B
configure:4515: checking the name lister (/usr/local/bin/nm -B) interface
configure:4522: gcc -c -g -O2  conftest.c >&5
configure:4525: /usr/local/bin/nm -B "conftest.o"
configure:4528: output
0000000000000000 S some_variable
configure:4529: result: BSD nm
configure:4532: checking whether ln -s works
configure:4536: result: yes
configure:4544: checking the maximum length of command line arguments
configure:4675: result: 1572864
configure:4723: checking how to convert sw_64-unknown-linux-gnu file names to sw_64-unknown-linux-gnu format
configure:4763: result: func_convert_file_noop
configure:4770: checking how to convert sw_64-unknown-linux-gnu file names to toolchain format
configure:4790: result: func_convert_file_noop
configure:4797: checking for /usr/local/bin/ld option to reload object files
configure:4804: result: -r
configure:4878: checking for objdump
configure:4894: found /usr/local/bin/objdump
configure:4905: result: objdump
configure:4937: checking how to recognize dependent libraries
configure:5137: result: pass_all
configure:5222: checking for dlltool
configure:5252: result: no
configure:5282: checking how to associate runtime and link libraries
configure:5309: result: printf %s\n
configure:5370: checking for ar
configure:5386: found /usr/local/bin/ar
configure:5397: result: ar
configure:5434: checking for archiver @FILE support
configure:5451: gcc -c -g -O2  conftest.c >&5
configure:5451: $? = 0
configure:5454: ar cru libconftest.a @conftest.lst >&5
configure:5457: $? = 0
configure:5462: ar cru libconftest.a @conftest.lst >&5
ar: conftest.o: No such file or directory
configure:5465: $? = 1
configure:5464: result: @
configure:5522: checking for strip
configure:5538: found /usr/local/bin/strip
configure:5549: result: strip
configure:5621: checking for ranlib
configure:5637: found /usr/local/bin/ranlib
configure:5648: result: ranlib
configure:5750: checking command to parse /usr/local/bin/nm -B output from gcc object
configure:5903: gcc -c -g -O2  conftest.c >&5
configure:5906: $? = 0
configure:5910: /usr/local/bin/nm -B conftest.o | sed -n -e 's/^.*[	 ]\([ABCDGIRSTW][ABCDGIRSTW]*\)[	 ][	 ]*\([_A-Za-z][_A-Za-z0-9]*\)$/\1 \2 \2/p' | sed '/ __gnu_lto/d' > conftest.nm
configure:5976: gcc -o conftest -g -O2   conftest.c conftstm.o >&5
configure:5979: $? = 0
configure:6017: result: ok
configure:6064: checking for sysroot
configure:6094: result: no
configure:6101: checking for a working dd
configure:6139: result: /usr/bin/dd
configure:6143: checking how to truncate binary pipes
configure:6158: result: /usr/bin/dd bs=4096 count=1
configure:6487: checking for mt
configure:6503: found /usr/bin/mt
configure:6514: result: mt
configure:6537: checking if mt is a manifest tool
configure:6543: mt '-?'
configure:6551: result: no
configure:7228: checking how to run the C preprocessor
configure:7259: gcc -E  conftest.c
configure:7259: $? = 0
configure:7273: gcc -E  conftest.c
conftest.c:11:10: fatal error: ac_nonexistent.h: No such file or directory
 #include <ac_nonexistent.h>
          ^~~~~~~~~~~~~~~~~~
compilation terminated.
configure:7273: $? = 1
configure: failed program was:
| /* confdefs.h */
| #define PACKAGE_NAME "mp3"
| #define PACKAGE_TARNAME "mp3"
| #define PACKAGE_VERSION "1.4"
| #define PACKAGE_STRING "mp3 1.4"
| #define PACKAGE_BUGREPORT "123456@qq.com"
| #define PACKAGE_URL ""
| #define PACKAGE "mp3"
| #define VERSION "1.4"
| /* end confdefs.h.  */
| #include <ac_nonexistent.h>
configure:7298: result: gcc -E
configure:7318: gcc -E  conftest.c
configure:7318: $? = 0
configure:7332: gcc -E  conftest.c
conftest.c:11:10: fatal error: ac_nonexistent.h: No such file or directory
 #include <ac_nonexistent.h>
          ^~~~~~~~~~~~~~~~~~
compilation terminated.
configure:7332: $? = 1
configure: failed program was:
| /* confdefs.h */
| #define PACKAGE_NAME "mp3"
| #define PACKAGE_TARNAME "mp3"
| #define PACKAGE_VERSION "1.4"
| #define PACKAGE_STRING "mp3 1.4"
| #define PACKAGE_BUGREPORT "123456@qq.com"
| #define PACKAGE_URL ""
| #define PACKAGE "mp3"
| #define VERSION "1.4"
| /* end confdefs.h.  */
| #include <ac_nonexistent.h>
configure:7361: checking for ANSI C header files
configure:7381: gcc -c -g -O2  conftest.c >&5
configure:7381: $? = 0
configure:7454: gcc -o conftest -g -O2   conftest.c  >&5
configure:7454: $? = 0
configure:7454: ./conftest
configure:7454: $? = 0
configure:7465: result: yes
configure:7478: checking for sys/types.h
configure:7478: gcc -c -g -O2  conftest.c >&5
configure:7478: $? = 0
configure:7478: result: yes
configure:7478: checking for sys/stat.h
configure:7478: gcc -c -g -O2  conftest.c >&5
configure:7478: $? = 0
configure:7478: result: yes
configure:7478: checking for stdlib.h
configure:7478: gcc -c -g -O2  conftest.c >&5
configure:7478: $? = 0
configure:7478: result: yes
configure:7478: checking for string.h
configure:7478: gcc -c -g -O2  conftest.c >&5
configure:7478: $? = 0
configure:7478: result: yes
configure:7478: checking for memory.h
configure:7478: gcc -c -g -O2  conftest.c >&5
configure:7478: $? = 0
configure:7478: result: yes
configure:7478: checking for strings.h
configure:7478: gcc -c -g -O2  conftest.c >&5
configure:7478: $? = 0
configure:7478: result: yes
configure:7478: checking for inttypes.h
configure:7478: gcc -c -g -O2  conftest.c >&5
configure:7478: $? = 0
configure:7478: result: yes
configure:7478: checking for stdint.h
configure:7478: gcc -c -g -O2  conftest.c >&5
configure:7478: $? = 0
configure:7478: result: yes
configure:7478: checking for unistd.h
configure:7478: gcc -c -g -O2  conftest.c >&5
configure:7478: $? = 0
configure:7478: result: yes
configure:7492: checking for dlfcn.h
configure:7492: gcc -c -g -O2  conftest.c >&5
configure:7492: $? = 0
configure:7492: result: yes
configure:7748: checking for objdir
configure:7763: result: .libs
configure:8023: checking if gcc supports -fno-rtti -fno-exceptions
configure:8041: gcc -c -g -O2  -fno-rtti -fno-exceptions conftest.c >&5
cc1: warning: command line option '-fno-rtti' is valid for C++/ObjC++ but not for C
configure:8045: $? = 0
configure:8058: result: no
configure:8416: checking for gcc option to produce PIC
configure:8423: result: -fPIC -DPIC
configure:8431: checking if gcc PIC flag -fPIC -DPIC works
configure:8449: gcc -c -g -O2  -fPIC -DPIC -DPIC conftest.c >&5
configure:8453: $? = 0
configure:8466: result: yes
configure:8495: checking if gcc static flag -static works
configure:8523: result: yes
configure:8538: checking if gcc supports -c -o file.o
configure:8559: gcc -c -g -O2  -o out/conftest2.o conftest.c >&5
configure:8563: $? = 0
configure:8585: result: yes
configure:8593: checking if gcc supports -c -o file.o
configure:8640: result: yes
configure:8673: checking whether the gcc linker (/usr/local/bin/ld) supports shared libraries
configure:9936: result: yes
configure:9973: checking whether -lc should be explicitly linked in
configure:9981: gcc -c -g -O2  conftest.c >&5
configure:9984: $? = 0
configure:9999: gcc -shared  -fPIC -DPIC conftest.o  -v -Wl,-soname -Wl,conftest -o conftest 2\>\&1 \| /usr/bin/grep  -lc  \>/dev/null 2\>\&1
configure:10002: $? = 0
configure:10016: result: no
configure:10176: checking dynamic linker characteristics
configure:10757: gcc -o conftest -g -O2   -Wl,-rpath -Wl,/foo conftest.c  >&5
configure:10757: $? = 0
configure:11006: result: GNU/Linux ld.so
configure:11128: checking how to hardcode library paths into programs
configure:11153: result: immediate
configure:11701: checking whether stripping libraries is possible
configure:11706: result: yes
configure:11741: checking if libtool supports shared libraries
configure:11743: result: yes
configure:11746: checking whether to build shared libraries
configure:11771: result: yes
configure:11774: checking whether to build static libraries
configure:11778: result: yes
configure:8701: checking that generated files are newer than configure
configure:8707: result: done
configure:8730: creating ./config.status

## ---------------------- ##
## Running config.status. ##
## ---------------------- ##

This file was extended by mp3 config.status 1.4, which was
generated by GNU Autoconf 2.69.  Invocation command line was

  CONFIG_FILES    = 
  CONFIG_HEADERS  = 
  CONFIG_LINKS    = 
  CONFIG_COMMANDS = 
  $ ./config.status 

on deepin-PC

config.status:1087: creating Makefile
config.status:1087: creating src/Makefile
config.status:1087: creating src/inc/Makefile
config.status:1087: creating src/lcd/Makefile
config.status:1087: creating src/media/Makefile
config.status:1087: creating src/media/h264/Makefile
config.status:1087: creating src/app/Makefile
config.status:1087: creating src/usb/Makefile
config.status:1087: creating config.h
config.status:1268: config.h is unchanged
config.status:1316: executing depfiles commands
config.status:1393: cd src/lcd       && sed -e '/# am--include-marker/d' Makefile         | make -f - am--depfiles
make: Nothing to be done for 'am--depfiles'.
config.status:1398: $? = 0
config.status:1393: cd src/media       && sed -e '/# am--include-marker/d' Makefile         | make -f - am--depfiles
make: Nothing to be done for 'am--depfiles'.
config.status:1398: $? = 0
config.status:1393: cd src/media/h264       && sed -e '/# am--include-marker/d' Makefile         | make -f - am--depfiles
config.status:1398: $? = 0
config.status:1393: cd src/app       && sed -e '/# am--include-marker/d' Makefile         | make -f - am--depfiles
make: Nothing to be done for 'am--depfiles'.
config.status:1398: $? = 0
config.status:1393: cd src/usb       && sed -e '/# am--include-marker/d' Makefile         | make -f - am--depfiles
make: Nothing to be done for 'am--depfiles'.
config.status:1398: $? = 0
config.status:1316: executing libtool commands

## ---------------- ##
## Cache variables. ##
## ---------------- ##

ac_cv_build=sw_64-unknown-linux-gnu
ac_cv_c_compiler_gnu=yes
ac_cv_env_CC_set=
ac_cv_env_CC_value=
ac_cv_env_CFLAGS_set=
ac_cv_env_CFLAGS_value=
ac_cv_env_CPPFLAGS_set=
ac_cv_env_CPPFLAGS_value=
ac_cv_env_CPP_set=
ac_cv_env_CPP_value=
ac_cv_env_LDFLAGS_set=
ac_cv_env_LDFLAGS_value=
ac_cv_env_LIBS_set=
ac_cv_env_LIBS_value=
ac_cv_env_LT_SYS_LIBRARY_PATH_set=
ac_cv_env_LT_SYS_LIBRARY_PATH_value=
ac_cv_env_build_alias_set=
ac_cv_env_build_alias_value=
ac_cv_env_host_alias_set=
ac_cv_env_host_alias_value=
ac_cv_env_target_alias_set=
ac_cv_env_target_alias_value=
ac_cv_header_dlfcn_h=yes
ac_cv_header_inttypes_h=yes
ac_cv_header_memory_h=yes
ac_cv_header_stdc=yes
ac_cv_header_stdint_h=yes
ac_cv_header_stdlib_h=yes
ac_cv_header_string_h=yes
ac_cv_header_strings_h=yes
ac_cv_header_sys_stat_h=yes
ac_cv_header_sys_types_h=yes
ac_cv_header_unistd_h=yes
ac_cv_host=sw_64-unknown-linux-gnu
ac_cv_objext=o
ac_cv_path_EGREP='/usr/bin/grep -E'
ac_cv_path_FGREP='/usr/bin/grep -F'
ac_cv_path_GREP=/usr/bin/grep
ac_cv_path_SED=/usr/bin/sed
ac_cv_path_install='/usr/bin/install -c'
ac_cv_path_lt_DD=/usr/bin/dd
ac_cv_path_mkdir=/usr/bin/mkdir
ac_cv_prog_AWK=gawk
ac_cv_prog_CPP='gcc -E'
ac_cv_prog_ac_ct_AR=ar
ac_cv_prog_ac_ct_CC=gcc
ac_cv_prog_ac_ct_MANIFEST_TOOL=mt
ac_cv_prog_ac_ct_OBJDUMP=objdump
ac_cv_prog_ac_ct_RANLIB=ranlib
ac_cv_prog_ac_ct_STRIP=strip
ac_cv_prog_cc_c89=
ac_cv_prog_cc_g=yes
ac_cv_prog_make_make_set=yes
am_cv_CC_dependencies_compiler_type=gcc3
am_cv_make_support_nested_variables=yes
am_cv_prog_cc_c_o=yes
lt_cv_ar_at_file=@
lt_cv_archive_cmds_need_lc=no
lt_cv_deplibs_check_method=pass_all
lt_cv_file_magic_cmd='$MAGIC_CMD'
lt_cv_file_magic_test_file=
lt_cv_ld_reload_flag=-r
lt_cv_nm_interface='BSD nm'
lt_cv_objdir=.libs
lt_cv_path_LD=/usr/local/bin/ld
lt_cv_path_NM='/usr/local/bin/nm -B'
lt_cv_path_mainfest_tool=no
lt_cv_prog_compiler_c_o=yes
lt_cv_prog_compiler_pic='-fPIC -DPIC'
lt_cv_prog_compiler_pic_works=yes
lt_cv_prog_compiler_rtti_exceptions=no
lt_cv_prog_compiler_static_works=yes
lt_cv_prog_gnu_ld=yes
lt_cv_sharedlib_from_linklib_cmd='printf %s\n'
lt_cv_shlibpath_overrides_runpath=no
lt_cv_sys_global_symbol_pipe='sed -n -e '\''s/^.*[	 ]\([ABCDGIRSTW][ABCDGIRSTW]*\)[	 ][	 ]*\([_A-Za-z][_A-Za-z0-9]*\)$/\1 \2 \2/p'\'' | sed '\''/ __gnu_lto/d'\'''
lt_cv_sys_global_symbol_to_c_name_address='sed -n -e '\''s/^: \(.*\) .*$/  {"\1", (void *) 0},/p'\'' -e '\''s/^[ABCDGIRSTW][ABCDGIRSTW]* .* \(.*\)$/  {"\1", (void *) \&\1},/p'\'''
lt_cv_sys_global_symbol_to_c_name_address_lib_prefix='sed -n -e '\''s/^: \(.*\) .*$/  {"\1", (void *) 0},/p'\'' -e '\''s/^[ABCDGIRSTW][ABCDGIRSTW]* .* \(lib.*\)$/  {"\1", (void *) \&\1},/p'\'' -e '\''s/^[ABCDGIRSTW][ABCDGIRSTW]* .* \(.*\)$/  {"lib\1", (void *) \&\1},/p'\'''
lt_cv_sys_global_symbol_to_cdecl='sed -n -e '\''s/^T .* \(.*\)$/extern int \1();/p'\'' -e '\''s/^[ABCDGIRSTW][ABCDGIRSTW]* .* \(.*\)$/extern char \1;/p'\'''
lt_cv_sys_global_symbol_to_import=
lt_cv_sys_max_cmd_len=1572864
lt_cv_to_host_file_cmd=func_convert_file_noop
lt_cv_to_tool_file_cmd=func_convert_file_noop
lt_cv_truncate_bin='/usr/bin/dd bs=4096 count=1'

## ----------------- ##
## Output variables. ##
## ----------------- ##

ACLOCAL='${SHELL} /root/renchy/autotools/chap9/missing aclocal-1.16'
AMDEPBACKSLASH='\'
AMDEP_FALSE='#'
AMDEP_TRUE=''
AMTAR='$${TAR-tar}'
AM_BACKSLASH='\'
AM_DEFAULT_V='$(AM_DEFAULT_VERBOSITY)'
AM_DEFAULT_VERBOSITY='1'
AM_V='$(V)'
AR='ar'
AUTOCONF='${SHELL} /root/renchy/autotools/chap9/missing autoconf'
AUTOHEADER='${SHELL} /root/renchy/autotools/chap9/missing autoheader'
AUTOMAKE='${SHELL} /root/renchy/autotools/chap9/missing automake-1.16'
AWK='gawk'
CC='gcc'
CCDEPMODE='depmode=gcc3'
CFLAGS='-g -O2'
CPP='gcc -E'
CPPFLAGS=''
CYGPATH_W='echo'
DEFS='-DHAVE_CONFIG_H'
DEPDIR='.deps'
DLLTOOL='false'
DSYMUTIL=''
DUMPBIN=''
ECHO_C=''
ECHO_N='-n'
ECHO_T=''
EGREP='/usr/bin/grep -E'
EXEEXT=''
FGREP='/usr/bin/grep -F'
GREP='/usr/bin/grep'
INSTALL_DATA='${INSTALL} -m 644'
INSTALL_PROGRAM='${INSTALL}'
INSTALL_SCRIPT='${INSTALL}'
INSTALL_STRIP_PROGRAM='$(install_sh) -c -s'
LD='/usr/local/bin/ld'
LDFLAGS=''
LIBOBJS=''
LIBS=''
LIBTOOL='$(SHELL) $(top_builddir)/libtool'
LIPO=''
LN_S='ln -s'
LTLIBOBJS=''
LT_SYS_LIBRARY_PATH=''
MAKEINFO='${SHELL} /root/renchy/autotools/chap9/missing makeinfo'
MANIFEST_TOOL=':'
MKDIR_P='/usr/bin/mkdir -p'
NM='/usr/local/bin/nm -B'
NMEDIT=''
OBJDUMP='objdump'
OBJEXT='o'
OTOOL64=''
OTOOL=''
PACKAGE='mp3'
PACKAGE_BUGREPORT='123456@qq.com'
PACKAGE_NAME='mp3'
PACKAGE_STRING='mp3 1.4'
PACKAGE_TARNAME='mp3'
PACKAGE_URL=''
PACKAGE_VERSION='1.4'
PATH_SEPARATOR=':'
RANLIB='ranlib'
SED='/usr/bin/sed'
SET_MAKE=''
SHELL='/bin/sh'
STRIP='strip'
VERSION='1.4'
ac_ct_AR='ar'
ac_ct_CC='gcc'
ac_ct_DUMPBIN=''
am__EXEEXT_FALSE=''
am__EXEEXT_TRUE='#'
am__fastdepCC_FALSE='#'
am__fastdepCC_TRUE=''
am__include='include'
am__isrc=''
am__leading_dot='.'
am__nodep='_no'
am__quote=''
am__tar='$${TAR-tar} chof - "$$tardir"'
am__untar='$${TAR-tar} xf -'
bindir='${exec_prefix}/bin'
build='sw_64-unknown-linux-gnu'
build_alias=''
build_cpu='sw_64'
build_os='linux-gnu'
build_vendor='unknown'
datadir='${datarootdir}'
datarootdir='${prefix}/share'
docdir='${datarootdir}/doc/${PACKAGE_TARNAME}'
dvidir='${docdir}'
exec_prefix='${prefix}'
host='sw_64-unknown-linux-gnu'
host_alias=''
host_cpu='sw_64'
host_os='linux-gnu'
host_vendor='unknown'
htmldir='${docdir}'
includedir='${prefix}/include'
infodir='${datarootdir}/info'
install_sh='${SHELL} /root/renchy/autotools/chap9/install-sh'
libdir='${exec_prefix}/lib'
libexecdir='${exec_prefix}/libexec'
localedir='${datarootdir}/locale'
localstatedir='${prefix}/var'
mandir='${datarootdir}/man'
mkdir_p='$(MKDIR_P)'
oldincludedir='/usr/include'
pdfdir='${docdir}'
prefix='/usr/local'
program_transform_name='s,x,x,'
psdir='${docdir}'
runstatedir='${localstatedir}/run'
sbindir='${exec_prefix}/sbin'
sharedstatedir='${prefix}/com'
sysconfdir='${prefix}/etc'
target_alias=''

## ----------- ##
## confdefs.h. ##
## ----------- ##

/* confdefs.h */
#define PACKAGE_NAME "mp3"
#define PACKAGE_TARNAME "mp3"
#define PACKAGE_VERSION "1.4"
#define PACKAGE_STRING "mp3 1.4"
#define PACKAGE_BUGREPORT "123456@qq.com"
#define PACKAGE_URL ""
#define PACKAGE "mp3"
#define VERSION "1.4"
#define STDC_HEADERS 1
#define HAVE_SYS_TYPES_H 1
#define HAVE_SYS_STAT_H 1
#define HAVE_STDLIB_H 1
#define HAVE_STRING_H 1
#define HAVE_MEMORY_H 1
#define HAVE_STRINGS_H 1
#define HAVE_INTTYPES_H 1
#define HAVE_STDINT_H 1
#define HAVE_UNISTD_H 1
#define HAVE_DLFCN_H 1
#define LT_OBJDIR ".libs/"

configure: exit 0

## ---------------------- ##
## Running config.status. ##
## ---------------------- ##

This file was extended by mp3 config.status 1.4, which was
generated by GNU Autoconf 2.69.  Invocation command line was

  CONFIG_FILES    = 
  CONFIG_HEADERS  = 
  CONFIG_LINKS    = 
  CONFIG_COMMANDS = 
  $ ./config.status config.h

on deepin-PC

config.status:1087: creating config.h
config.status:1268: config.h is unchanged
