This file contains any messages produced by compilers while
running configure, to aid debugging if configure makes a mistake.

It was created by hello configure 1.1, which was
generated by GNU Autoconf 2.69.  Invocation command line was

  $ ./configure 

## --------- ##
## Platform. ##
## --------- ##

hostname = deepin-PC
uname -m = sw_64
uname -r = 4.19.180-xuelang-lsi9300-renchy-g9ee692f846db
uname -s = Linux
uname -v = #4 SMP Thu Jan 13 16:53:36 CST 2022

/usr/bin/uname -p = unknown
/bin/uname -X     = unknown

/bin/arch              = sw_64
/usr/bin/arch -k       = unknown
/usr/convex/getsysinfo = unknown
/usr/bin/hostinfo      = unknown
/bin/machine           = unknown
/usr/bin/oslevel       = unknown
/bin/universe          = unknown

PATH: /root/go-sw64-1.14.1-5d8105412/bin/
PATH: /root/go-sw64-1.14.1-5d8105412/bin//usr/local/sbin
PATH: /usr/local/bin
PATH: /usr/sbin
PATH: /usr/bin
PATH: /sbin
PATH: /bin


## ----------- ##
## Core tests. ##
## ----------- ##

configure:1843: checking for a BSD-compatible install
configure:1911: result: /usr/bin/install -c
configure:1922: checking whether build environment is sane
configure:1977: result: yes
configure:2126: checking for a thread-safe mkdir -p
configure:2165: result: /usr/bin/mkdir -p
configure:2172: checking for gawk
configure:2188: found /usr/bin/gawk
configure:2199: result: gawk
configure:2210: checking whether make sets $(MAKE)
configure:2232: result: yes
configure:2261: checking whether make supports nested variables
configure:2278: result: yes
configure:2454: checking for gcc
configure:2470: found /usr/bin/gcc
configure:2481: result: gcc
configure:2710: checking for C compiler version
configure:2719: gcc --version >&5
gcc (GCC) 8.3.0
Copyright (C) 2018 Free Software Foundation, Inc.
This is free software; see the source for copying conditions.  There is NO
warranty; not even for MERCHANTABILITY or FITNESS FOR A PARTICULAR PURPOSE.

configure:2730: $? = 0
configure:2719: gcc -v >&5
Using built-in specs.
COLLECT_GCC=gcc
COLLECT_LTO_WRAPPER=/usr/libexec/gcc/sw_64-sunway-linux-gnu/8.3.0/lto-wrapper
Target: sw_64-sunway-linux-gnu
Configured with: /work/build/gcc-8/gcc-8-8.3.0.2-1+deepin2/src/configure --build=sw_64-sunway-linux-gnu --host=sw_64-sunway-linux-gnu --target=sw_64-sunway-linux-gnu --prefix=/usr --with-gmp=/usr --with-mpfr=/usr --with-mpc=/usr --enable-shared --enable-languages=c,c++,fortran,go,lto,objc,obj-c++ --disable-multilib --enable-c99 --enable-long-long --enable-threads=posix --enable-__cxa_atexit --disable-bootstrap --disable-nls --enable-multiarch --enable-browser-plugin --enable-gnu-indirect-function --enable-linker-build-id --enable-linker-no-relax --with-cpu=sw6b
Thread model: posix
gcc version 8.3.0 20210709 (Branch: ID:) (GCC) 
configure:2730: $? = 0
configure:2719: gcc -V >&5
gcc: error: unrecognized command line option '-V'
gcc: fatal error: no input files
compilation terminated.
configure:2730: $? = 1
configure:2719: gcc -qversion >&5
gcc: error: unrecognized command line option '-qversion'; did you mean '--version'?
gcc: fatal error: no input files
compilation terminated.
configure:2730: $? = 1
configure:2750: checking whether the C compiler works
configure:2772: gcc -gdwarf-2 -g3   conftest.c  >&5
configure:2776: $? = 0
configure:2824: result: yes
configure:2827: checking for C compiler default output file name
configure:2829: result: a.out
configure:2835: checking for suffix of executables
configure:2842: gcc -o conftest -gdwarf-2 -g3   conftest.c  >&5
configure:2846: $? = 0
configure:2868: result: 
configure:2890: checking whether we are cross compiling
configure:2898: gcc -o conftest -gdwarf-2 -g3   conftest.c  >&5
configure:2902: $? = 0
configure:2909: ./conftest
configure:2913: $? = 0
configure:2901: result: no
configure:2906: checking for suffix of object files
configure:2928: gcc -c -gdwarf-2 -g3  conftest.c >&5
configure:2932: $? = 0
configure:2953: result: o
configure:2957: checking whether we are using the GNU C compiler
configure:2976: gcc -c -gdwarf-2 -g3  conftest.c >&5
configure:2976: $? = 0
configure:2985: result: yes
configure:2994: checking whether gcc accepts -g
configure:3014: gcc -c -g  conftest.c >&5
configure:3014: $? = 0
configure:3055: result: yes
configure:3072: checking for gcc option to accept ISO C89
configure:3135: gcc  -c -gdwarf-2 -g3  conftest.c >&5
configure:3135: $? = 0
configure:3148: result: none needed
configure:3173: checking whether gcc understands -c and -o together
configure:3195: gcc -c conftest.c -o conftest2.o
configure:3198: $? = 0
configure:3195: gcc -c conftest.c -o conftest2.o
configure:3198: $? = 0
configure:3210: result: yes
configure:3230: checking whether make supports the include directive
configure:3245: make -f confmf.GNU && cat confinc.out
this is the am__doit target
configure:3248: $? = 0
configure:3267: result: yes (GNU style)
configure:3292: checking dependency style of gcc
configure:3403: result: gcc3
configure:3530: checking that generated files are newer than configure
configure:3536: result: done
configure:3559: creating ./config.status

## ---------------------- ##
## Running config.status. ##
## ---------------------- ##

This file was extended by hello config.status 1.1, which was
generated by GNU Autoconf 2.69.  Invocation command line was

  CONFIG_FILES    = 
  CONFIG_HEADERS  = 
  CONFIG_LINKS    = 
  CONFIG_COMMANDS = 
  $ ./config.status 

on deepin-PC

config.status:836: creating Makefile
config.status:836: creating config.h
config.status:1017: config.h is unchanged
config.status:1065: executing depfiles commands
config.status:1142: cd .       && sed -e '/# am--include-marker/d' Makefile         | make -f - am--depfiles
make: Nothing to be done for 'am--depfiles'.
config.status:1147: $? = 0

## ---------------- ##
## Cache variables. ##
## ---------------- ##

ac_cv_c_compiler_gnu=yes
ac_cv_env_CC_set=
ac_cv_env_CC_value=
ac_cv_env_CFLAGS_set=set
ac_cv_env_CFLAGS_value='-gdwarf-2 -g3'
ac_cv_env_CPPFLAGS_set=
ac_cv_env_CPPFLAGS_value=
ac_cv_env_LDFLAGS_set=
ac_cv_env_LDFLAGS_value=
ac_cv_env_LIBS_set=
ac_cv_env_LIBS_value=
ac_cv_env_build_alias_set=
ac_cv_env_build_alias_value=
ac_cv_env_host_alias_set=
ac_cv_env_host_alias_value=
ac_cv_env_target_alias_set=
ac_cv_env_target_alias_value=
ac_cv_objext=o
ac_cv_path_install='/usr/bin/install -c'
ac_cv_path_mkdir=/usr/bin/mkdir
ac_cv_prog_AWK=gawk
ac_cv_prog_ac_ct_CC=gcc
ac_cv_prog_cc_c89=
ac_cv_prog_cc_g=yes
ac_cv_prog_make_make_set=yes
am_cv_CC_dependencies_compiler_type=gcc3
am_cv_make_support_nested_variables=yes
am_cv_prog_cc_c_o=yes

## ----------------- ##
## Output variables. ##
## ----------------- ##

ACLOCAL='${SHELL} /root/renchy/autotools/chap1/missing aclocal-1.16'
AMDEPBACKSLASH='\'
AMDEP_FALSE='#'
AMDEP_TRUE=''
AMTAR='$${TAR-tar}'
AM_BACKSLASH='\'
AM_DEFAULT_V='$(AM_DEFAULT_VERBOSITY)'
AM_DEFAULT_VERBOSITY='1'
AM_V='$(V)'
AUTOCONF='${SHELL} /root/renchy/autotools/chap1/missing autoconf'
AUTOHEADER='${SHELL} /root/renchy/autotools/chap1/missing autoheader'
AUTOMAKE='${SHELL} /root/renchy/autotools/chap1/missing automake-1.16'
AWK='gawk'
CC='gcc'
CCDEPMODE='depmode=gcc3'
CFLAGS='-gdwarf-2 -g3'
CPPFLAGS=''
CYGPATH_W='echo'
DEFS='-DHAVE_CONFIG_H'
DEPDIR='.deps'
ECHO_C=''
ECHO_N='-n'
ECHO_T=''
EXEEXT=''
INSTALL_DATA='${INSTALL} -m 644'
INSTALL_PROGRAM='${INSTALL}'
INSTALL_SCRIPT='${INSTALL}'
INSTALL_STRIP_PROGRAM='$(install_sh) -c -s'
LDFLAGS=''
LIBOBJS=''
LIBS=''
LTLIBOBJS=''
MAKEINFO='${SHELL} /root/renchy/autotools/chap1/missing makeinfo'
MKDIR_P='/usr/bin/mkdir -p'
OBJEXT='o'
PACKAGE='hello'
PACKAGE_BUGREPORT='123456789@qq.com'
PACKAGE_NAME='hello'
PACKAGE_STRING='hello 1.1'
PACKAGE_TARNAME='hello'
PACKAGE_URL=''
PACKAGE_VERSION='1.1'
PATH_SEPARATOR=':'
SET_MAKE=''
SHELL='/bin/sh'
STRIP=''
VERSION='1.1'
ac_ct_CC='gcc'
am__EXEEXT_FALSE=''
am__EXEEXT_TRUE='#'
am__fastdepCC_FALSE='#'
am__fastdepCC_TRUE=''
am__include='include'
am__isrc=''
am__leading_dot='.'
am__nodep='_no'
am__quote=''
am__tar='$${TAR-tar} chof - "$$tardir"'
am__untar='$${TAR-tar} xf -'
bindir='${exec_prefix}/bin'
build_alias=''
datadir='${datarootdir}'
datarootdir='${prefix}/share'
docdir='${datarootdir}/doc/${PACKAGE_TARNAME}'
dvidir='${docdir}'
exec_prefix='${prefix}'
host_alias=''
htmldir='${docdir}'
includedir='${prefix}/include'
infodir='${datarootdir}/info'
install_sh='${SHELL} /root/renchy/autotools/chap1/install-sh'
libdir='${exec_prefix}/lib'
libexecdir='${exec_prefix}/libexec'
localedir='${datarootdir}/locale'
localstatedir='${prefix}/var'
mandir='${datarootdir}/man'
mkdir_p='$(MKDIR_P)'
oldincludedir='/usr/include'
pdfdir='${docdir}'
prefix='/usr/local'
program_transform_name='s,x,x,'
psdir='${docdir}'
runstatedir='${localstatedir}/run'
sbindir='${exec_prefix}/sbin'
sharedstatedir='${prefix}/com'
sysconfdir='${prefix}/etc'
target_alias=''

## ----------- ##
## confdefs.h. ##
## ----------- ##

/* confdefs.h */
#define PACKAGE_NAME "hello"
#define PACKAGE_TARNAME "hello"
#define PACKAGE_VERSION "1.1"
#define PACKAGE_STRING "hello 1.1"
#define PACKAGE_BUGREPORT "123456789@qq.com"
#define PACKAGE_URL ""
#define PACKAGE "hello"
#define VERSION "1.1"

configure: exit 0

## ---------------------- ##
## Running config.status. ##
## ---------------------- ##

This file was extended by hello config.status 1.1, which was
generated by GNU Autoconf 2.69.  Invocation command line was

  CONFIG_FILES    = 
  CONFIG_HEADERS  = 
  CONFIG_LINKS    = 
  CONFIG_COMMANDS = 
  $ ./config.status Makefile depfiles

on deepin-PC

config.status:836: creating Makefile
config.status:1065: executing depfiles commands
config.status:1142: cd .       && sed -e '/# am--include-marker/d' Makefile         | make -f - am--depfiles
make[1]: Entering directory '/root/renchy/autotools/chap1'
make[1]: Leaving directory '/root/renchy/autotools/chap1'
config.status:1147: $? = 0
